/pkgs/synopsys/2020/design_compiler/syn/Q-2019.12-SP3/auxx/gui/dv/dv_setup.tcl
/pkgs/synopsys/2020/design_compiler/syn/Q-2019.12-SP3/auxx/gui/syn/snpsSynProcs.tcl
/pkgs/synopsys/2020/design_compiler/syn/Q-2019.12-SP3/auxx/gui/syn/layout/pkgIndex.tcl
/pkgs/synopsys/2020/design_compiler/syn/Q-2019.12-SP3/auxx/gui/common/menus/pkgIndex.tcl
/pkgs/synopsys/2020/design_compiler/syn/Q-2019.12-SP3/auxx/gui/common/mrupalette/pkgIndex.tcl
/pkgs/synopsys/2020/design_compiler/syn/Q-2019.12-SP3/auxx/gui/common/highlight/pkgIndex.tcl
/pkgs/synopsys/2020/design_compiler/syn/Q-2019.12-SP3/auxx/gui/common/strokes/pkgIndex.tcl
/pkgs/synopsys/2020/design_compiler/syn/Q-2019.12-SP3/auxx/gui/common/schematic/pkgIndex.tcl
/pkgs/synopsys/2020/design_compiler/syn/Q-2019.12-SP3/auxx/gui/common/tcl-dp/pkgIndex.tcl
/pkgs/synopsys/2020/design_compiler/syn/Q-2019.12-SP3/auxx/gui/common/regressionToolkit/pkgIndex.tcl
/pkgs/synopsys/2020/design_compiler/syn/Q-2019.12-SP3/auxx/gui/common/setup/pkgIndex.tcl
/pkgs/synopsys/2020/design_compiler/syn/Q-2019.12-SP3/auxx/gui/common/profiler/pkgIndex.tcl
/pkgs/synopsys/2020/design_compiler/syn/Q-2019.12-SP3/auxx/gui/common/acg/pkgIndex.tcl
/pkgs/synopsys/2020/design_compiler/syn/Q-2019.12-SP3/auxx/gui/common/tiledview/pkgIndex.tcl
/pkgs/synopsys/2020/design_compiler/syn/Q-2019.12-SP3/auxx/gui/common/docBrowser/pkgIndex.tcl
/pkgs/synopsys/2020/design_compiler/syn/Q-2019.12-SP3/auxx/gui/common/tq/pkgIndex.tcl
/pkgs/synopsys/2020/design_compiler/syn/Q-2019.12-SP3/auxx/gui/common/WindowFrameWork/pkgIndex.tcl
/pkgs/synopsys/2020/design_compiler/syn/Q-2019.12-SP3/auxx/gui/common/dialogs/pkgIndex.tcl
/pkgs/synopsys/2020/design_compiler/syn/Q-2019.12-SP3/auxx/gui/common/hierarchy/pkgIndex.tcl
/pkgs/synopsys/2020/design_compiler/syn/Q-2019.12-SP3/auxx/gui/common/histogram/pkgIndex.tcl
/pkgs/synopsys/2020/design_compiler/syn/Q-2019.12-SP3/auxx/gui/common/view/pkgIndex.tcl
/pkgs/synopsys/2020/design_compiler/syn/Q-2019.12-SP3/auxx/gui/common/timing/pkgIndex.tcl
/pkgs/synopsys/2020/design_compiler/syn/Q-2019.12-SP3/auxx/gui/common/commandform/pkgIndex.tcl
/pkgs/synopsys/2020/design_compiler/syn/Q-2019.12-SP3/auxx/gui/common/misc/pkgIndex.tcl
/pkgs/synopsys/2020/design_compiler/syn/Q-2019.12-SP3/auxx/gui/common/select/pkgIndex.tcl
/pkgs/synopsys/2020/design_compiler/syn/Q-2019.12-SP3/auxx/gui/common/pathinspector/pkgIndex.tcl
/pkgs/synopsys/2020/design_compiler/syn/Q-2019.12-SP3/auxx/gui/common/table/pkgIndex.tcl
/pkgs/synopsys/2020/design_compiler/syn/Q-2019.12-SP3/auxx/gui/common/qtcl/pkgIndex.tcl
/pkgs/synopsys/2020/design_compiler/syn/Q-2019.12-SP3/auxx/gui/common/opdlg/pkgIndex.tcl
/pkgs/synopsys/2020/design_compiler/syn/Q-2019.12-SP3/auxx/gui/common/libviewer/pkgIndex.tcl
/pkgs/synopsys/2020/design_compiler/syn/Q-2019.12-SP3/auxx/gui/common/fanoutviewer/pkgIndex.tcl
/pkgs/synopsys/2020/design_compiler/syn/Q-2019.12-SP3/auxx/gui/common/palettegroup/pkgIndex.tcl
/pkgs/synopsys/2020/design_compiler/syn/Q-2019.12-SP3/auxx/gui/common/layout/pkgIndex.tcl
/pkgs/synopsys/2020/design_compiler/syn/Q-2019.12-SP3/auxx/gui/dv/pkgIndex.tcl
/pkgs/synopsys/2020/design_compiler/syn/Q-2019.12-SP3/auxx/syn/lib/pkgIndex.tcl
/pkgs/synopsys/2020/design_compiler/syn/Q-2019.12-SP3/auxx/tcllib/lib/iwidgets4.1/pkgIndex.tcl
/pkgs/synopsys/2020/design_compiler/syn/Q-2019.12-SP3/auxx/tcllib/snps_tcl/snpsUtils/pkgIndex.tcl
/pkgs/synopsys/2020/design_compiler/syn/Q-2019.12-SP3/auxx/tcllib/snps_tcl/snpsTclPro/pkgIndex.tcl
/pkgs/synopsys/2020/design_compiler/syn/Q-2019.12-SP3/auxx/tcllib/snps_tcl/snpsTest/pkgIndex.tcl
/pkgs/synopsys/2020/design_compiler/syn/Q-2019.12-SP3/auxx/tcllib/snps_tcl/pkgIndex.tcl
/pkgs/synopsys/2020/design_compiler/syn/Q-2019.12-SP3/auxx/tcllib/lib/tcl8.6/platform/pkgIndex.tcl
/pkgs/synopsys/2020/design_compiler/syn/Q-2019.12-SP3/auxx/tcllib/lib/tcl8.6/opt/pkgIndex.tcl
/pkgs/synopsys/2020/design_compiler/syn/Q-2019.12-SP3/auxx/tcllib/lib/tcl8.6/dde/pkgIndex.tcl
/pkgs/synopsys/2020/design_compiler/syn/Q-2019.12-SP3/auxx/tcllib/lib/tcl8.6/tcltest/pkgIndex.tcl
/pkgs/synopsys/2020/design_compiler/syn/Q-2019.12-SP3/auxx/tcllib/lib/tcl8.6/msgcat/pkgIndex.tcl
/pkgs/synopsys/2020/design_compiler/syn/Q-2019.12-SP3/auxx/tcllib/lib/tcl8.6/reg/pkgIndex.tcl
/pkgs/synopsys/2020/design_compiler/syn/Q-2019.12-SP3/auxx/tcllib/lib/tcl8.6/http1.0/pkgIndex.tcl
/pkgs/synopsys/2020/design_compiler/syn/Q-2019.12-SP3/auxx/tcllib/lib/tcl8.6/http/pkgIndex.tcl
/pkgs/synopsys/2020/design_compiler/syn/Q-2019.12-SP3/auxx/gui/common/setup/snpsCommonSetup.tcl
/pkgs/synopsys/2020/design_compiler/syn/Q-2019.12-SP3/auxx/gui/common/setup/snpsCustomize.tcl
/pkgs/synopsys/2020/design_compiler/syn/Q-2019.12-SP3/auxx/gui/common/setup/snpsProcheck.tcl
/pkgs/synopsys/2020/design_compiler/syn/Q-2019.12-SP3/auxx/gui/common/qtcl/.synopsys_qtcl.tcl
/pkgs/synopsys/2020/design_compiler/syn/Q-2019.12-SP3/auxx/gui/common/highlight/highlight.tcl
/pkgs/synopsys/2020/design_compiler/syn/Q-2019.12-SP3/auxx/gui/common/misc/base.tcl
/pkgs/synopsys/2020/design_compiler/syn/Q-2019.12-SP3/auxx/gui/common/misc/timing.tcl
/pkgs/synopsys/2020/design_compiler/syn/Q-2019.12-SP3/auxx/gui/common/misc/setting.tcl
/pkgs/synopsys/2020/design_compiler/syn/Q-2019.12-SP3/auxx/gui/common/misc/preset.tcl
/pkgs/synopsys/2020/design_compiler/syn/Q-2019.12-SP3/auxx/gui/common/WindowFrameWork/windowFrameWork.tcl
/pkgs/synopsys/2020/design_compiler/syn/Q-2019.12-SP3/auxx/gui/common/WindowFrameWork/skipBusyCursorCmdList.tcl
/pkgs/synopsys/2020/design_compiler/syn/Q-2019.12-SP3/auxx/gui/common/docBrowser/docBrowser.tcl
/pkgs/synopsys/2020/design_compiler/syn/Q-2019.12-SP3/auxx/tcllib/snps_tcl/snpsUtils/snpsUtils.tcl
/pkgs/synopsys/2020/design_compiler/syn/Q-2019.12-SP3/auxx/gui/common/dialogs/ObjectChooser.tcl
/pkgs/synopsys/2020/design_compiler/syn/Q-2019.12-SP3/auxx/gui/common/misc/DialogObjectChooser.tcl
/pkgs/synopsys/2020/design_compiler/syn/Q-2019.12-SP3/auxx/gui/common/dialogs/HistBinInformation.tcl
/pkgs/synopsys/2020/design_compiler/syn/Q-2019.12-SP3/auxx/gui/common/dialogs/HistBin1Information.tcl
/pkgs/synopsys/2020/design_compiler/syn/Q-2019.12-SP3/auxx/gui/common/dialogs/BinsOnlyInformation.tcl
/pkgs/synopsys/2020/design_compiler/syn/Q-2019.12-SP3/auxx/gui/common/dialogs/FileChooser.tcl
/pkgs/synopsys/2020/design_compiler/syn/Q-2019.12-SP3/auxx/gui/common/dialogs/PathPinSimpleInfo.tcl
/pkgs/synopsys/2020/design_compiler/syn/Q-2019.12-SP3/auxx/gui/common/dialogs/PathsBasicInfo.tcl
/pkgs/synopsys/2020/design_compiler/syn/Q-2019.12-SP3/auxx/gui/common/dialogs/PathsBasicSimpleInfo.tcl
/pkgs/synopsys/2020/design_compiler/syn/Q-2019.12-SP3/auxx/gui/common/dialogs/SlctOperationInfo.tcl
/pkgs/synopsys/2020/design_compiler/syn/Q-2019.12-SP3/auxx/gui/common/dialogs/ObjectListInfo.tcl
/pkgs/synopsys/2020/design_compiler/syn/Q-2019.12-SP3/auxx/gui/common/dialogs/FanInOutInfo.tcl
/pkgs/synopsys/2020/design_compiler/syn/Q-2019.12-SP3/auxx/gui/common/dialogs/NumberOfLevelsChooser.tcl
/pkgs/synopsys/2020/design_compiler/syn/Q-2019.12-SP3/auxx/gui/common/dialogs/WindowReuseInfo.tcl
/pkgs/synopsys/2020/design_compiler/syn/Q-2019.12-SP3/auxx/gui/common/dialogs/ReportOutputOptionInfo.tcl
/pkgs/synopsys/2020/design_compiler/syn/Q-2019.12-SP3/auxx/gui/common/setup/snpsCollections.tcl
/pkgs/synopsys/2020/design_compiler/syn/Q-2019.12-SP3/auxx/gui/common/dialogs/CompileLinkDesign.tcl
/pkgs/synopsys/2020/design_compiler/syn/Q-2019.12-SP3/auxx/gui/common/histogram/DialogEndpointSlack.tcl
/pkgs/synopsys/2020/design_compiler/syn/Q-2019.12-SP3/auxx/gui/common/histogram/DialogPathsSlack.tcl
/pkgs/synopsys/2020/design_compiler/syn/Q-2019.12-SP3/auxx/gui/common/histogram/DialogNetCapacitance.tcl
/pkgs/synopsys/2020/design_compiler/syn/Q-2019.12-SP3/auxx/gui/common/schematic/DialogPathSchematicFanInOut.tcl
/pkgs/synopsys/2020/design_compiler/syn/Q-2019.12-SP3/auxx/gui/common/schematic/DialogPathSchematicAddPaths.tcl
/u/vinays/ECE581-2024/lab2-Vinaysshetty/syn/scripts/dc.tcl
/u/vinays/ECE581-2024/lab2-Vinaysshetty/fifo1_sramb.design_config.tcl
/u/vinays/ECE581-2024/lab2-Vinaysshetty/syn/scripts/dc-get-timlibs.tcl
/u/vinays/ECE581-2024/lab2-Vinaysshetty/syn/rtl/fifo1_sramb.sv
/pkgs/synopsys/2020/32_28nm/SAED32_EDK/lib/io_std/db_nldm/saed32io_wb_ss0p95v125c_2p25v.db
/pkgs/synopsys/2020/32_28nm/SAED32_EDK/lib/sram_lp/db_nldm/saed32sramlp_ss0p75v125c_i0p75v.db
/pkgs/synopsys/2020/32_28nm/SAED32_EDK/lib/pll/db_nldm/saed32pll_ss0p95v125c_2p25v.db
/pkgs/synopsys/2020/design_compiler/syn/Q-2019.12-SP3/libraries/syn/dw_foundation.sldb
/pkgs/synopsys/2020/32_28nm/SAED32_EDK/lib/stdcell_hvt/db_nldm/saed32hvt_ss0p95v125c.db
/pkgs/synopsys/2020/design_compiler/syn/Q-2019.12-SP3/libraries/syn/gtech.db
/pkgs/synopsys/2020/design_compiler/syn/Q-2019.12-SP3/libraries/syn/standard.sldb
/u/vinays/ECE581-2024/lab2-Vinaysshetty/syn/scripts/add_ios.tcl
/u/vinays/ECE581-2024/lab2-Vinaysshetty/fifo1_sramb.add_ios.tcl
/u/vinays/ECE581-2024/lab2-Vinaysshetty/constraints/fifo1_sramb.sdc
/pkgs/synopsys/2020/32_28nm/SAED32_EDK/lib/stdcell_hvt/db_nldm/saed32hvt_ss0p95v125c.db
/u/vinays/ECE581-2024/lab2-Vinaysshetty/syn/work/alib-52/saed32hvt_ss0p95v125c.db.alib
/pkgs/synopsys/2020/32_28nm/SAED32_EDK/lib/stdcell_hvt/db_nldm/saed32hvt_ss0p95v125c.db
/u/vinays/ECE581-2024/lab2-Vinaysshetty/syn/work/alib-52/saed32hvt_ss0p95v125c.db.alib
/pkgs/synopsys/2020/32_28nm/SAED32_EDK/lib/io_std/db_nldm/saed32io_wb_ss0p95v125c_2p25v.db
/pkgs/synopsys/2020/32_28nm/SAED32_EDK/lib/sram_lp/db_nldm/saed32sramlp_ss0p75v125c_i0p75v.db
/pkgs/synopsys/2020/32_28nm/SAED32_EDK/lib/pll/db_nldm/saed32pll_ss0p95v125c_2p25v.db
/pkgs/synopsys/2020/32_28nm/SAED32_EDK/lib/stdcell_hvt/db_nldm/saed32hvt_ss0p95v125c.db
/u/vinays/ECE581-2024/lab2-Vinaysshetty/syn/outputs/fifo1_sramb.dc.upf
/u/vinays/ECE581-2024/lab2-Vinaysshetty/syn/scripts/dc.tcl
/u/vinays/ECE581-2024/lab2-Vinaysshetty/fifo1_sramb.design_config.tcl
/u/vinays/ECE581-2024/lab2-Vinaysshetty/syn/scripts/dc-get-timlibs.tcl
/u/vinays/ECE581-2024/lab2-Vinaysshetty/syn/scripts/add_ios.tcl
/u/vinays/ECE581-2024/lab2-Vinaysshetty/fifo1_sramb.add_ios.tcl
/u/vinays/ECE581-2024/lab2-Vinaysshetty/constraints/fifo1_sramb.sdc
/pkgs/synopsys/2020/32_28nm/SAED32_EDK/lib/stdcell_hvt/db_nldm/saed32hvt_ss0p95v125c.db
/u/vinays/ECE581-2024/lab2-Vinaysshetty/syn/work/alib-52/saed32hvt_ss0p95v125c.db.alib
/pkgs/synopsys/2020/32_28nm/SAED32_EDK/lib/stdcell_hvt/db_nldm/saed32hvt_ss0p95v125c.db
/u/vinays/ECE581-2024/lab2-Vinaysshetty/syn/work/alib-52/saed32hvt_ss0p95v125c.db.alib
/pkgs/synopsys/2020/32_28nm/SAED32_EDK/lib/io_std/db_nldm/saed32io_wb_ss0p95v125c_2p25v.db
/pkgs/synopsys/2020/32_28nm/SAED32_EDK/lib/sram_lp/db_nldm/saed32sramlp_ss0p75v125c_i0p75v.db
/pkgs/synopsys/2020/32_28nm/SAED32_EDK/lib/pll/db_nldm/saed32pll_ss0p95v125c_2p25v.db
/pkgs/synopsys/2020/32_28nm/SAED32_EDK/lib/stdcell_hvt/db_nldm/saed32hvt_ss0p95v125c.db
/u/vinays/ECE581-2024/lab2-Vinaysshetty/syn/outputs/fifo1_sramb.dc.upf
/u/vinays/ECE581-2024/lab2-Vinaysshetty/syn/scripts/dc.tcl
/u/vinays/ECE581-2024/lab2-Vinaysshetty/fifo1_sramb.design_config.tcl
/u/vinays/ECE581-2024/lab2-Vinaysshetty/syn/scripts/dc-get-timlibs.tcl
/u/vinays/ECE581-2024/lab2-Vinaysshetty/syn/scripts/add_ios.tcl
/u/vinays/ECE581-2024/lab2-Vinaysshetty/fifo1_sramb.add_ios.tcl
/u/vinays/ECE581-2024/lab2-Vinaysshetty/constraints/fifo1_sramb.sdc
/pkgs/synopsys/2020/32_28nm/SAED32_EDK/lib/stdcell_hvt/db_nldm/saed32hvt_ss0p95v125c.db
/u/vinays/ECE581-2024/lab2-Vinaysshetty/syn/work/alib-52/saed32hvt_ss0p95v125c.db.alib
/pkgs/synopsys/2020/32_28nm/SAED32_EDK/lib/stdcell_hvt/db_nldm/saed32hvt_ss0p95v125c.db
/u/vinays/ECE581-2024/lab2-Vinaysshetty/syn/work/alib-52/saed32hvt_ss0p95v125c.db.alib
/pkgs/synopsys/2020/32_28nm/SAED32_EDK/lib/io_std/db_nldm/saed32io_wb_ss0p95v125c_2p25v.db
/pkgs/synopsys/2020/32_28nm/SAED32_EDK/lib/sram_lp/db_nldm/saed32sramlp_ss0p75v125c_i0p75v.db
/pkgs/synopsys/2020/32_28nm/SAED32_EDK/lib/pll/db_nldm/saed32pll_ss0p95v125c_2p25v.db
/pkgs/synopsys/2020/32_28nm/SAED32_EDK/lib/stdcell_hvt/db_nldm/saed32hvt_ss0p95v125c.db
/u/vinays/ECE581-2024/lab2-Vinaysshetty/syn/outputs/fifo1_sramb.dc.upf
/u/vinays/ECE581-2024/lab2-Vinaysshetty/syn/scripts/dc.tcl
/u/vinays/ECE581-2024/lab2-Vinaysshetty/fifo1_sramb.design_config.tcl
/u/vinays/ECE581-2024/lab2-Vinaysshetty/syn/scripts/dc-get-timlibs.tcl
/u/vinays/ECE581-2024/lab2-Vinaysshetty/syn/scripts/add_ios.tcl
/u/vinays/ECE581-2024/lab2-Vinaysshetty/fifo1_sramb.add_ios.tcl
/u/vinays/ECE581-2024/lab2-Vinaysshetty/constraints/fifo1_sramb.sdc
/pkgs/synopsys/2020/32_28nm/SAED32_EDK/lib/stdcell_hvt/db_nldm/saed32hvt_ss0p95v125c.db
/u/vinays/ECE581-2024/lab2-Vinaysshetty/syn/work/alib-52/saed32hvt_ss0p95v125c.db.alib
/pkgs/synopsys/2020/32_28nm/SAED32_EDK/lib/stdcell_hvt/db_nldm/saed32hvt_ss0p95v125c.db
/u/vinays/ECE581-2024/lab2-Vinaysshetty/syn/work/alib-52/saed32hvt_ss0p95v125c.db.alib
/pkgs/synopsys/2020/32_28nm/SAED32_EDK/lib/io_std/db_nldm/saed32io_wb_ss0p95v125c_2p25v.db
/pkgs/synopsys/2020/32_28nm/SAED32_EDK/lib/sram_lp/db_nldm/saed32sramlp_ss0p75v125c_i0p75v.db
/pkgs/synopsys/2020/32_28nm/SAED32_EDK/lib/pll/db_nldm/saed32pll_ss0p95v125c_2p25v.db
/pkgs/synopsys/2020/32_28nm/SAED32_EDK/lib/stdcell_hvt/db_nldm/saed32hvt_ss0p95v125c.db
/u/vinays/ECE581-2024/lab2-Vinaysshetty/syn/outputs/fifo1_sramb.dc.upf
/u/vinays/ECE581-2024/lab2-Vinaysshetty/syn/scripts/dc.tcl
/u/vinays/ECE581-2024/lab2-Vinaysshetty/fifo1_sramb.design_config.tcl
/u/vinays/ECE581-2024/lab2-Vinaysshetty/syn/scripts/dc-get-timlibs.tcl
/u/vinays/ECE581-2024/lab2-Vinaysshetty/syn/scripts/add_ios.tcl
/u/vinays/ECE581-2024/lab2-Vinaysshetty/fifo1_sramb.add_ios.tcl
/u/vinays/ECE581-2024/lab2-Vinaysshetty/constraints/fifo1_sramb.sdc
/pkgs/synopsys/2020/32_28nm/SAED32_EDK/lib/stdcell_hvt/db_nldm/saed32hvt_ss0p95v125c.db
/u/vinays/ECE581-2024/lab2-Vinaysshetty/syn/work/alib-52/saed32hvt_ss0p95v125c.db.alib
/pkgs/synopsys/2020/32_28nm/SAED32_EDK/lib/stdcell_hvt/db_nldm/saed32hvt_ss0p95v125c.db
/u/vinays/ECE581-2024/lab2-Vinaysshetty/syn/work/alib-52/saed32hvt_ss0p95v125c.db.alib
/pkgs/synopsys/2020/32_28nm/SAED32_EDK/lib/io_std/db_nldm/saed32io_wb_ss0p95v125c_2p25v.db
/pkgs/synopsys/2020/32_28nm/SAED32_EDK/lib/sram_lp/db_nldm/saed32sramlp_ss0p75v125c_i0p75v.db
/pkgs/synopsys/2020/32_28nm/SAED32_EDK/lib/pll/db_nldm/saed32pll_ss0p95v125c_2p25v.db
/pkgs/synopsys/2020/32_28nm/SAED32_EDK/lib/stdcell_hvt/db_nldm/saed32hvt_ss0p95v125c.db
/u/vinays/ECE581-2024/lab2-Vinaysshetty/syn/outputs/fifo1_sramb.dc.upf
/u/vinays/ECE581-2024/lab2-Vinaysshetty/syn/scripts/dc.tcl
/u/vinays/ECE581-2024/lab2-Vinaysshetty/fifo1_sramb.design_config.tcl
/u/vinays/ECE581-2024/lab2-Vinaysshetty/syn/scripts/dc-get-timlibs.tcl
/u/vinays/ECE581-2024/lab2-Vinaysshetty/syn/scripts/add_ios.tcl
/u/vinays/ECE581-2024/lab2-Vinaysshetty/fifo1_sramb.add_ios.tcl
/u/vinays/ECE581-2024/lab2-Vinaysshetty/constraints/fifo1_sramb.sdc
/pkgs/synopsys/2020/32_28nm/SAED32_EDK/lib/stdcell_hvt/db_nldm/saed32hvt_ss0p95v125c.db
/u/vinays/ECE581-2024/lab2-Vinaysshetty/syn/work/alib-52/saed32hvt_ss0p95v125c.db.alib
/pkgs/synopsys/2020/32_28nm/SAED32_EDK/lib/stdcell_hvt/db_nldm/saed32hvt_ss0p95v125c.db
/u/vinays/ECE581-2024/lab2-Vinaysshetty/syn/work/alib-52/saed32hvt_ss0p95v125c.db.alib
/pkgs/synopsys/2020/32_28nm/SAED32_EDK/lib/io_std/db_nldm/saed32io_wb_ss0p95v125c_2p25v.db
/pkgs/synopsys/2020/32_28nm/SAED32_EDK/lib/sram_lp/db_nldm/saed32sramlp_ss0p75v125c_i0p75v.db
/pkgs/synopsys/2020/32_28nm/SAED32_EDK/lib/pll/db_nldm/saed32pll_ss0p95v125c_2p25v.db
/pkgs/synopsys/2020/32_28nm/SAED32_EDK/lib/stdcell_hvt/db_nldm/saed32hvt_ss0p95v125c.db
/u/vinays/ECE581-2024/lab2-Vinaysshetty/syn/outputs/fifo1_sramb.dc.upf
/u/vinays/ECE581-2024/lab2-Vinaysshetty/syn/scripts/dc.tcl
/u/vinays/ECE581-2024/lab2-Vinaysshetty/fifo1_sramb.design_config.tcl
/u/vinays/ECE581-2024/lab2-Vinaysshetty/syn/scripts/dc-get-timlibs.tcl
/u/vinays/ECE581-2024/lab2-Vinaysshetty/syn/scripts/add_ios.tcl
/u/vinays/ECE581-2024/lab2-Vinaysshetty/fifo1_sramb.add_ios.tcl
/u/vinays/ECE581-2024/lab2-Vinaysshetty/constraints/fifo1_sramb.sdc
/pkgs/synopsys/2020/32_28nm/SAED32_EDK/lib/stdcell_hvt/db_nldm/saed32hvt_ss0p95v125c.db
/u/vinays/ECE581-2024/lab2-Vinaysshetty/syn/work/alib-52/saed32hvt_ss0p95v125c.db.alib
/pkgs/synopsys/2020/32_28nm/SAED32_EDK/lib/stdcell_hvt/db_nldm/saed32hvt_ss0p95v125c.db
/u/vinays/ECE581-2024/lab2-Vinaysshetty/syn/work/alib-52/saed32hvt_ss0p95v125c.db.alib
/pkgs/synopsys/2020/32_28nm/SAED32_EDK/lib/io_std/db_nldm/saed32io_wb_ss0p95v125c_2p25v.db
/pkgs/synopsys/2020/32_28nm/SAED32_EDK/lib/sram_lp/db_nldm/saed32sramlp_ss0p75v125c_i0p75v.db
/pkgs/synopsys/2020/32_28nm/SAED32_EDK/lib/pll/db_nldm/saed32pll_ss0p95v125c_2p25v.db
/pkgs/synopsys/2020/32_28nm/SAED32_EDK/lib/stdcell_hvt/db_nldm/saed32hvt_ss0p95v125c.db
/u/vinays/ECE581-2024/lab2-Vinaysshetty/syn/outputs/fifo1_sramb.dc.upf
/u/vinays/ECE581-2024/lab2-Vinaysshetty/syn/scripts/dc.tcl
/u/vinays/ECE581-2024/lab2-Vinaysshetty/fifo1_sramb.design_config.tcl
/u/vinays/ECE581-2024/lab2-Vinaysshetty/syn/scripts/dc-get-timlibs.tcl
/u/vinays/ECE581-2024/lab2-Vinaysshetty/syn/scripts/add_ios.tcl
/u/vinays/ECE581-2024/lab2-Vinaysshetty/fifo1_sramb.add_ios.tcl
/u/vinays/ECE581-2024/lab2-Vinaysshetty/constraints/fifo1_sramb.sdc
/pkgs/synopsys/2020/32_28nm/SAED32_EDK/lib/stdcell_hvt/db_nldm/saed32hvt_ss0p95v125c.db
/u/vinays/ECE581-2024/lab2-Vinaysshetty/syn/work/alib-52/saed32hvt_ss0p95v125c.db.alib
/pkgs/synopsys/2020/32_28nm/SAED32_EDK/lib/stdcell_hvt/db_nldm/saed32hvt_ss0p95v125c.db
/u/vinays/ECE581-2024/lab2-Vinaysshetty/syn/work/alib-52/saed32hvt_ss0p95v125c.db.alib
/pkgs/synopsys/2020/32_28nm/SAED32_EDK/lib/io_std/db_nldm/saed32io_wb_ss0p95v125c_2p25v.db
/pkgs/synopsys/2020/32_28nm/SAED32_EDK/lib/sram_lp/db_nldm/saed32sramlp_ss0p75v125c_i0p75v.db
/pkgs/synopsys/2020/32_28nm/SAED32_EDK/lib/pll/db_nldm/saed32pll_ss0p95v125c_2p25v.db
/pkgs/synopsys/2020/32_28nm/SAED32_EDK/lib/stdcell_hvt/db_nldm/saed32hvt_ss0p95v125c.db
/u/vinays/ECE581-2024/lab2-Vinaysshetty/syn/outputs/fifo1_sramb.dc.upf
/u/vinays/ECE581-2024/lab2-Vinaysshetty/syn/scripts/dc.tcl
/u/vinays/ECE581-2024/lab2-Vinaysshetty/fifo1_sramb.design_config.tcl
/u/vinays/ECE581-2024/lab2-Vinaysshetty/syn/scripts/dc-get-timlibs.tcl
/u/vinays/ECE581-2024/lab2-Vinaysshetty/syn/scripts/add_ios.tcl
/u/vinays/ECE581-2024/lab2-Vinaysshetty/fifo1_sramb.add_ios.tcl
/u/vinays/ECE581-2024/lab2-Vinaysshetty/constraints/fifo1_sramb.sdc
/pkgs/synopsys/2020/32_28nm/SAED32_EDK/lib/stdcell_hvt/db_nldm/saed32hvt_ss0p95v125c.db
/u/vinays/ECE581-2024/lab2-Vinaysshetty/syn/work/alib-52/saed32hvt_ss0p95v125c.db.alib
/pkgs/synopsys/2020/32_28nm/SAED32_EDK/lib/stdcell_hvt/db_nldm/saed32hvt_ss0p95v125c.db
/u/vinays/ECE581-2024/lab2-Vinaysshetty/syn/work/alib-52/saed32hvt_ss0p95v125c.db.alib
/pkgs/synopsys/2020/32_28nm/SAED32_EDK/lib/io_std/db_nldm/saed32io_wb_ss0p95v125c_2p25v.db
/pkgs/synopsys/2020/32_28nm/SAED32_EDK/lib/sram_lp/db_nldm/saed32sramlp_ss0p75v125c_i0p75v.db
/pkgs/synopsys/2020/32_28nm/SAED32_EDK/lib/pll/db_nldm/saed32pll_ss0p95v125c_2p25v.db
/pkgs/synopsys/2020/32_28nm/SAED32_EDK/lib/stdcell_hvt/db_nldm/saed32hvt_ss0p95v125c.db
/u/vinays/ECE581-2024/lab2-Vinaysshetty/syn/outputs/fifo1_sramb.dc.upf
/u/vinays/ECE581-2024/lab2-Vinaysshetty/syn/scripts/dc.tcl
/u/vinays/ECE581-2024/lab2-Vinaysshetty/fifo1_sramb.design_config.tcl
/u/vinays/ECE581-2024/lab2-Vinaysshetty/syn/scripts/dc-get-timlibs.tcl
/u/vinays/ECE581-2024/lab2-Vinaysshetty/syn/scripts/add_ios.tcl
/u/vinays/ECE581-2024/lab2-Vinaysshetty/fifo1_sramb.add_ios.tcl
/u/vinays/ECE581-2024/lab2-Vinaysshetty/constraints/fifo1_sramb.sdc
/pkgs/synopsys/2020/32_28nm/SAED32_EDK/lib/stdcell_hvt/db_nldm/saed32hvt_ss0p95v125c.db
/u/vinays/ECE581-2024/lab2-Vinaysshetty/syn/work/alib-52/saed32hvt_ss0p95v125c.db.alib
/pkgs/synopsys/2020/32_28nm/SAED32_EDK/lib/stdcell_hvt/db_nldm/saed32hvt_ss0p95v125c.db
/u/vinays/ECE581-2024/lab2-Vinaysshetty/syn/work/alib-52/saed32hvt_ss0p95v125c.db.alib
/pkgs/synopsys/2020/32_28nm/SAED32_EDK/lib/io_std/db_nldm/saed32io_wb_ss0p95v125c_2p25v.db
/pkgs/synopsys/2020/32_28nm/SAED32_EDK/lib/sram_lp/db_nldm/saed32sramlp_ss0p75v125c_i0p75v.db
/pkgs/synopsys/2020/32_28nm/SAED32_EDK/lib/pll/db_nldm/saed32pll_ss0p95v125c_2p25v.db
/pkgs/synopsys/2020/32_28nm/SAED32_EDK/lib/stdcell_hvt/db_nldm/saed32hvt_ss0p95v125c.db
/u/vinays/ECE581-2024/lab2-Vinaysshetty/syn/outputs/fifo1_sramb.dc.upf
/u/vinays/ECE581-2024/lab2-Vinaysshetty/syn/scripts/dc.tcl
/u/vinays/ECE581-2024/lab2-Vinaysshetty/fifo1_sramb.design_config.tcl
/u/vinays/ECE581-2024/lab2-Vinaysshetty/syn/scripts/dc-get-timlibs.tcl
/u/vinays/ECE581-2024/lab2-Vinaysshetty/syn/scripts/add_ios.tcl
/u/vinays/ECE581-2024/lab2-Vinaysshetty/fifo1_sramb.add_ios.tcl
/u/vinays/ECE581-2024/lab2-Vinaysshetty/constraints/fifo1_sramb.sdc
/pkgs/synopsys/2020/32_28nm/SAED32_EDK/lib/stdcell_hvt/db_nldm/saed32hvt_ss0p95v125c.db
/u/vinays/ECE581-2024/lab2-Vinaysshetty/syn/work/alib-52/saed32hvt_ss0p95v125c.db.alib
/pkgs/synopsys/2020/32_28nm/SAED32_EDK/lib/stdcell_hvt/db_nldm/saed32hvt_ss0p95v125c.db
/u/vinays/ECE581-2024/lab2-Vinaysshetty/syn/work/alib-52/saed32hvt_ss0p95v125c.db.alib
/pkgs/synopsys/2020/32_28nm/SAED32_EDK/lib/io_std/db_nldm/saed32io_wb_ss0p95v125c_2p25v.db
/pkgs/synopsys/2020/32_28nm/SAED32_EDK/lib/sram_lp/db_nldm/saed32sramlp_ss0p75v125c_i0p75v.db
/pkgs/synopsys/2020/32_28nm/SAED32_EDK/lib/pll/db_nldm/saed32pll_ss0p95v125c_2p25v.db
/pkgs/synopsys/2020/32_28nm/SAED32_EDK/lib/stdcell_hvt/db_nldm/saed32hvt_ss0p95v125c.db
/u/vinays/ECE581-2024/lab2-Vinaysshetty/syn/outputs/fifo1_sramb.dc.upf
/u/vinays/ECE581-2024/lab2-Vinaysshetty/syn/scripts/dc.tcl
/u/vinays/ECE581-2024/lab2-Vinaysshetty/fifo1_sramb.design_config.tcl
/u/vinays/ECE581-2024/lab2-Vinaysshetty/syn/scripts/dc-get-timlibs.tcl
/u/vinays/ECE581-2024/lab2-Vinaysshetty/syn/scripts/add_ios.tcl
/u/vinays/ECE581-2024/lab2-Vinaysshetty/fifo1_sramb.add_ios.tcl
/u/vinays/ECE581-2024/lab2-Vinaysshetty/constraints/fifo1_sramb.sdc
/pkgs/synopsys/2020/32_28nm/SAED32_EDK/lib/stdcell_hvt/db_nldm/saed32hvt_ss0p95v125c.db
/u/vinays/ECE581-2024/lab2-Vinaysshetty/syn/work/alib-52/saed32hvt_ss0p95v125c.db.alib
/pkgs/synopsys/2020/32_28nm/SAED32_EDK/lib/stdcell_hvt/db_nldm/saed32hvt_ss0p95v125c.db
/u/vinays/ECE581-2024/lab2-Vinaysshetty/syn/work/alib-52/saed32hvt_ss0p95v125c.db.alib
/pkgs/synopsys/2020/32_28nm/SAED32_EDK/lib/io_std/db_nldm/saed32io_wb_ss0p95v125c_2p25v.db
/pkgs/synopsys/2020/32_28nm/SAED32_EDK/lib/sram_lp/db_nldm/saed32sramlp_ss0p75v125c_i0p75v.db
/pkgs/synopsys/2020/32_28nm/SAED32_EDK/lib/pll/db_nldm/saed32pll_ss0p95v125c_2p25v.db
/pkgs/synopsys/2020/32_28nm/SAED32_EDK/lib/stdcell_hvt/db_nldm/saed32hvt_ss0p95v125c.db
/u/vinays/ECE581-2024/lab2-Vinaysshetty/syn/outputs/fifo1_sramb.dc.upf
/u/vinays/ECE581-2024/lab2-Vinaysshetty/syn/scripts/dc.tcl
/u/vinays/ECE581-2024/lab2-Vinaysshetty/fifo1_sramb.design_config.tcl
/u/vinays/ECE581-2024/lab2-Vinaysshetty/syn/scripts/dc-get-timlibs.tcl
/u/vinays/ECE581-2024/lab2-Vinaysshetty/syn/scripts/add_ios.tcl
/u/vinays/ECE581-2024/lab2-Vinaysshetty/fifo1_sramb.add_ios.tcl
/u/vinays/ECE581-2024/lab2-Vinaysshetty/constraints/fifo1_sramb.sdc
/pkgs/synopsys/2020/32_28nm/SAED32_EDK/lib/stdcell_hvt/db_nldm/saed32hvt_ss0p95v125c.db
/u/vinays/ECE581-2024/lab2-Vinaysshetty/syn/work/alib-52/saed32hvt_ss0p95v125c.db.alib
/pkgs/synopsys/2020/32_28nm/SAED32_EDK/lib/stdcell_hvt/db_nldm/saed32hvt_ss0p95v125c.db
/u/vinays/ECE581-2024/lab2-Vinaysshetty/syn/work/alib-52/saed32hvt_ss0p95v125c.db.alib
/pkgs/synopsys/2020/32_28nm/SAED32_EDK/lib/io_std/db_nldm/saed32io_wb_ss0p95v125c_2p25v.db
/pkgs/synopsys/2020/32_28nm/SAED32_EDK/lib/sram_lp/db_nldm/saed32sramlp_ss0p75v125c_i0p75v.db
/pkgs/synopsys/2020/32_28nm/SAED32_EDK/lib/pll/db_nldm/saed32pll_ss0p95v125c_2p25v.db
/pkgs/synopsys/2020/32_28nm/SAED32_EDK/lib/stdcell_hvt/db_nldm/saed32hvt_ss0p95v125c.db
/u/vinays/ECE581-2024/lab2-Vinaysshetty/syn/outputs/fifo1_sramb.dc.upf
/u/vinays/ECE581-2024/lab2-Vinaysshetty/syn/scripts/dc.tcl
/u/vinays/ECE581-2024/lab2-Vinaysshetty/fifo1_sramb.design_config.tcl
/u/vinays/ECE581-2024/lab2-Vinaysshetty/syn/scripts/dc-get-timlibs.tcl
/u/vinays/ECE581-2024/lab2-Vinaysshetty/syn/scripts/add_ios.tcl
/u/vinays/ECE581-2024/lab2-Vinaysshetty/fifo1_sramb.add_ios.tcl
/u/vinays/ECE581-2024/lab2-Vinaysshetty/constraints/fifo1_sramb.sdc
/pkgs/synopsys/2020/32_28nm/SAED32_EDK/lib/stdcell_hvt/db_nldm/saed32hvt_ss0p95v125c.db
/u/vinays/ECE581-2024/lab2-Vinaysshetty/syn/work/alib-52/saed32hvt_ss0p95v125c.db.alib
/pkgs/synopsys/2020/32_28nm/SAED32_EDK/lib/stdcell_hvt/db_nldm/saed32hvt_ss0p95v125c.db
/u/vinays/ECE581-2024/lab2-Vinaysshetty/syn/work/alib-52/saed32hvt_ss0p95v125c.db.alib
/pkgs/synopsys/2020/32_28nm/SAED32_EDK/lib/io_std/db_nldm/saed32io_wb_ss0p95v125c_2p25v.db
/pkgs/synopsys/2020/32_28nm/SAED32_EDK/lib/sram_lp/db_nldm/saed32sramlp_ss0p75v125c_i0p75v.db
/pkgs/synopsys/2020/32_28nm/SAED32_EDK/lib/pll/db_nldm/saed32pll_ss0p95v125c_2p25v.db
/pkgs/synopsys/2020/32_28nm/SAED32_EDK/lib/stdcell_hvt/db_nldm/saed32hvt_ss0p95v125c.db
/u/vinays/ECE581-2024/lab2-Vinaysshetty/syn/outputs/fifo1_sramb.dc.upf
/u/vinays/ECE581-2024/lab2-Vinaysshetty/syn/scripts/dc.tcl
/u/vinays/ECE581-2024/lab2-Vinaysshetty/fifo1_sramb.design_config.tcl
/u/vinays/ECE581-2024/lab2-Vinaysshetty/syn/scripts/dc-get-timlibs.tcl
/u/vinays/ECE581-2024/lab2-Vinaysshetty/syn/scripts/add_ios.tcl
/u/vinays/ECE581-2024/lab2-Vinaysshetty/fifo1_sramb.add_ios.tcl
/u/vinays/ECE581-2024/lab2-Vinaysshetty/constraints/fifo1_sramb.sdc
/pkgs/synopsys/2020/32_28nm/SAED32_EDK/lib/stdcell_hvt/db_nldm/saed32hvt_ss0p95v125c.db
/u/vinays/ECE581-2024/lab2-Vinaysshetty/syn/work/alib-52/saed32hvt_ss0p95v125c.db.alib
/pkgs/synopsys/2020/32_28nm/SAED32_EDK/lib/stdcell_hvt/db_nldm/saed32hvt_ss0p95v125c.db
/u/vinays/ECE581-2024/lab2-Vinaysshetty/syn/work/alib-52/saed32hvt_ss0p95v125c.db.alib
/pkgs/synopsys/2020/32_28nm/SAED32_EDK/lib/io_std/db_nldm/saed32io_wb_ss0p95v125c_2p25v.db
/pkgs/synopsys/2020/32_28nm/SAED32_EDK/lib/sram_lp/db_nldm/saed32sramlp_ss0p75v125c_i0p75v.db
/pkgs/synopsys/2020/32_28nm/SAED32_EDK/lib/pll/db_nldm/saed32pll_ss0p95v125c_2p25v.db
/pkgs/synopsys/2020/32_28nm/SAED32_EDK/lib/stdcell_hvt/db_nldm/saed32hvt_ss0p95v125c.db
/u/vinays/ECE581-2024/lab2-Vinaysshetty/syn/outputs/fifo1_sramb.dc.upf
/u/vinays/ECE581-2024/lab2-Vinaysshetty/syn/scripts/dc.tcl
/u/vinays/ECE581-2024/lab2-Vinaysshetty/fifo1_sramb.design_config.tcl
/u/vinays/ECE581-2024/lab2-Vinaysshetty/syn/scripts/dc-get-timlibs.tcl
/u/vinays/ECE581-2024/lab2-Vinaysshetty/syn/scripts/add_ios.tcl
/u/vinays/ECE581-2024/lab2-Vinaysshetty/fifo1_sramb.add_ios.tcl
/u/vinays/ECE581-2024/lab2-Vinaysshetty/constraints/fifo1_sramb.sdc
/pkgs/synopsys/2020/32_28nm/SAED32_EDK/lib/stdcell_hvt/db_nldm/saed32hvt_ss0p95v125c.db
/u/vinays/ECE581-2024/lab2-Vinaysshetty/syn/work/alib-52/saed32hvt_ss0p95v125c.db.alib
/pkgs/synopsys/2020/32_28nm/SAED32_EDK/lib/stdcell_hvt/db_nldm/saed32hvt_ss0p95v125c.db
/u/vinays/ECE581-2024/lab2-Vinaysshetty/syn/work/alib-52/saed32hvt_ss0p95v125c.db.alib
/pkgs/synopsys/2020/32_28nm/SAED32_EDK/lib/io_std/db_nldm/saed32io_wb_ss0p95v125c_2p25v.db
/pkgs/synopsys/2020/32_28nm/SAED32_EDK/lib/sram_lp/db_nldm/saed32sramlp_ss0p75v125c_i0p75v.db
/pkgs/synopsys/2020/32_28nm/SAED32_EDK/lib/pll/db_nldm/saed32pll_ss0p95v125c_2p25v.db
/pkgs/synopsys/2020/32_28nm/SAED32_EDK/lib/stdcell_hvt/db_nldm/saed32hvt_ss0p95v125c.db
/u/vinays/ECE581-2024/lab2-Vinaysshetty/syn/outputs/fifo1_sramb.dc.upf
/u/vinays/ECE581-2024/lab2-Vinaysshetty/syn/scripts/dc.tcl
/u/vinays/ECE581-2024/lab2-Vinaysshetty/fifo1_sramb.design_config.tcl
/u/vinays/ECE581-2024/lab2-Vinaysshetty/syn/scripts/dc-get-timlibs.tcl
/u/vinays/ECE581-2024/lab2-Vinaysshetty/syn/scripts/add_ios.tcl
/u/vinays/ECE581-2024/lab2-Vinaysshetty/fifo1_sramb.add_ios.tcl
/u/vinays/ECE581-2024/lab2-Vinaysshetty/constraints/fifo1_sramb.sdc
/pkgs/synopsys/2020/32_28nm/SAED32_EDK/lib/stdcell_hvt/db_nldm/saed32hvt_ss0p95v125c.db
/u/vinays/ECE581-2024/lab2-Vinaysshetty/syn/work/alib-52/saed32hvt_ss0p95v125c.db.alib
/pkgs/synopsys/2020/32_28nm/SAED32_EDK/lib/stdcell_hvt/db_nldm/saed32hvt_ss0p95v125c.db
/u/vinays/ECE581-2024/lab2-Vinaysshetty/syn/work/alib-52/saed32hvt_ss0p95v125c.db.alib
/pkgs/synopsys/2020/32_28nm/SAED32_EDK/lib/io_std/db_nldm/saed32io_wb_ss0p95v125c_2p25v.db
/pkgs/synopsys/2020/32_28nm/SAED32_EDK/lib/sram_lp/db_nldm/saed32sramlp_ss0p75v125c_i0p75v.db
/pkgs/synopsys/2020/32_28nm/SAED32_EDK/lib/pll/db_nldm/saed32pll_ss0p95v125c_2p25v.db
/pkgs/synopsys/2020/32_28nm/SAED32_EDK/lib/stdcell_hvt/db_nldm/saed32hvt_ss0p95v125c.db
/u/vinays/ECE581-2024/lab2-Vinaysshetty/syn/outputs/fifo1_sramb.dc.upf
/u/vinays/ECE581-2024/lab2-Vinaysshetty/syn/scripts/dc.tcl
/u/vinays/ECE581-2024/lab2-Vinaysshetty/fifo1_sramb.design_config.tcl
/u/vinays/ECE581-2024/lab2-Vinaysshetty/syn/scripts/dc-get-timlibs.tcl
/u/vinays/ECE581-2024/lab2-Vinaysshetty/syn/scripts/add_ios.tcl
/u/vinays/ECE581-2024/lab2-Vinaysshetty/fifo1_sramb.add_ios.tcl
/u/vinays/ECE581-2024/lab2-Vinaysshetty/constraints/fifo1_sramb.sdc
/pkgs/synopsys/2020/32_28nm/SAED32_EDK/lib/stdcell_hvt/db_nldm/saed32hvt_ss0p95v125c.db
/u/vinays/ECE581-2024/lab2-Vinaysshetty/syn/work/alib-52/saed32hvt_ss0p95v125c.db.alib
/pkgs/synopsys/2020/32_28nm/SAED32_EDK/lib/stdcell_hvt/db_nldm/saed32hvt_ss0p95v125c.db
/u/vinays/ECE581-2024/lab2-Vinaysshetty/syn/work/alib-52/saed32hvt_ss0p95v125c.db.alib
/pkgs/synopsys/2020/32_28nm/SAED32_EDK/lib/io_std/db_nldm/saed32io_wb_ss0p95v125c_2p25v.db
/pkgs/synopsys/2020/32_28nm/SAED32_EDK/lib/sram_lp/db_nldm/saed32sramlp_ss0p75v125c_i0p75v.db
/pkgs/synopsys/2020/32_28nm/SAED32_EDK/lib/pll/db_nldm/saed32pll_ss0p95v125c_2p25v.db
/pkgs/synopsys/2020/32_28nm/SAED32_EDK/lib/stdcell_hvt/db_nldm/saed32hvt_ss0p95v125c.db
/u/vinays/ECE581-2024/lab2-Vinaysshetty/syn/outputs/fifo1_sramb.dc.upf
/u/vinays/ECE581-2024/lab2-Vinaysshetty/syn/scripts/dc.tcl
/u/vinays/ECE581-2024/lab2-Vinaysshetty/fifo1_sramb.design_config.tcl
/u/vinays/ECE581-2024/lab2-Vinaysshetty/syn/scripts/dc-get-timlibs.tcl
/u/vinays/ECE581-2024/lab2-Vinaysshetty/syn/scripts/add_ios.tcl
/u/vinays/ECE581-2024/lab2-Vinaysshetty/fifo1_sramb.add_ios.tcl
/u/vinays/ECE581-2024/lab2-Vinaysshetty/constraints/fifo1_sramb.sdc
/pkgs/synopsys/2020/32_28nm/SAED32_EDK/lib/stdcell_hvt/db_nldm/saed32hvt_ss0p95v125c.db
/u/vinays/ECE581-2024/lab2-Vinaysshetty/syn/work/alib-52/saed32hvt_ss0p95v125c.db.alib
/pkgs/synopsys/2020/32_28nm/SAED32_EDK/lib/stdcell_hvt/db_nldm/saed32hvt_ss0p95v125c.db
/u/vinays/ECE581-2024/lab2-Vinaysshetty/syn/work/alib-52/saed32hvt_ss0p95v125c.db.alib
/pkgs/synopsys/2020/32_28nm/SAED32_EDK/lib/io_std/db_nldm/saed32io_wb_ss0p95v125c_2p25v.db
/pkgs/synopsys/2020/32_28nm/SAED32_EDK/lib/sram_lp/db_nldm/saed32sramlp_ss0p75v125c_i0p75v.db
/pkgs/synopsys/2020/32_28nm/SAED32_EDK/lib/pll/db_nldm/saed32pll_ss0p95v125c_2p25v.db
/pkgs/synopsys/2020/32_28nm/SAED32_EDK/lib/stdcell_hvt/db_nldm/saed32hvt_ss0p95v125c.db
/u/vinays/ECE581-2024/lab2-Vinaysshetty/syn/outputs/fifo1_sramb.dc.upf
/u/vinays/ECE581-2024/lab2-Vinaysshetty/syn/scripts/dc.tcl
/u/vinays/ECE581-2024/lab2-Vinaysshetty/fifo1_sramb.design_config.tcl
/u/vinays/ECE581-2024/lab2-Vinaysshetty/syn/scripts/dc-get-timlibs.tcl
/u/vinays/ECE581-2024/lab2-Vinaysshetty/syn/scripts/add_ios.tcl
/u/vinays/ECE581-2024/lab2-Vinaysshetty/fifo1_sramb.add_ios.tcl
/u/vinays/ECE581-2024/lab2-Vinaysshetty/constraints/fifo1_sramb.sdc
/pkgs/synopsys/2020/32_28nm/SAED32_EDK/lib/stdcell_hvt/db_nldm/saed32hvt_ss0p95v125c.db
/u/vinays/ECE581-2024/lab2-Vinaysshetty/syn/work/alib-52/saed32hvt_ss0p95v125c.db.alib
/pkgs/synopsys/2020/32_28nm/SAED32_EDK/lib/stdcell_hvt/db_nldm/saed32hvt_ss0p95v125c.db
/u/vinays/ECE581-2024/lab2-Vinaysshetty/syn/work/alib-52/saed32hvt_ss0p95v125c.db.alib
/pkgs/synopsys/2020/32_28nm/SAED32_EDK/lib/io_std/db_nldm/saed32io_wb_ss0p95v125c_2p25v.db
/pkgs/synopsys/2020/32_28nm/SAED32_EDK/lib/sram_lp/db_nldm/saed32sramlp_ss0p75v125c_i0p75v.db
/pkgs/synopsys/2020/32_28nm/SAED32_EDK/lib/pll/db_nldm/saed32pll_ss0p95v125c_2p25v.db
/pkgs/synopsys/2020/32_28nm/SAED32_EDK/lib/stdcell_hvt/db_nldm/saed32hvt_ss0p95v125c.db
/u/vinays/ECE581-2024/lab2-Vinaysshetty/syn/outputs/fifo1_sramb.dc.upf
/u/vinays/ECE581-2024/lab2-Vinaysshetty/syn/scripts/dc.tcl
/u/vinays/ECE581-2024/lab2-Vinaysshetty/fifo1_sramb.design_config.tcl
/u/vinays/ECE581-2024/lab2-Vinaysshetty/syn/scripts/dc-get-timlibs.tcl
/u/vinays/ECE581-2024/lab2-Vinaysshetty/syn/scripts/add_ios.tcl
/u/vinays/ECE581-2024/lab2-Vinaysshetty/fifo1_sramb.add_ios.tcl
/u/vinays/ECE581-2024/lab2-Vinaysshetty/constraints/fifo1_sramb.sdc
/pkgs/synopsys/2020/32_28nm/SAED32_EDK/lib/stdcell_hvt/db_nldm/saed32hvt_ss0p95v125c.db
/u/vinays/ECE581-2024/lab2-Vinaysshetty/syn/work/alib-52/saed32hvt_ss0p95v125c.db.alib
/pkgs/synopsys/2020/32_28nm/SAED32_EDK/lib/stdcell_hvt/db_nldm/saed32hvt_ss0p95v125c.db
/u/vinays/ECE581-2024/lab2-Vinaysshetty/syn/work/alib-52/saed32hvt_ss0p95v125c.db.alib
/pkgs/synopsys/2020/32_28nm/SAED32_EDK/lib/io_std/db_nldm/saed32io_wb_ss0p95v125c_2p25v.db
/pkgs/synopsys/2020/32_28nm/SAED32_EDK/lib/sram_lp/db_nldm/saed32sramlp_ss0p75v125c_i0p75v.db
/pkgs/synopsys/2020/32_28nm/SAED32_EDK/lib/pll/db_nldm/saed32pll_ss0p95v125c_2p25v.db
/pkgs/synopsys/2020/32_28nm/SAED32_EDK/lib/stdcell_hvt/db_nldm/saed32hvt_ss0p95v125c.db
/u/vinays/ECE581-2024/lab2-Vinaysshetty/syn/outputs/fifo1_sramb.dc.upf
/u/vinays/ECE581-2024/lab2-Vinaysshetty/syn/scripts/dc.tcl
/u/vinays/ECE581-2024/lab2-Vinaysshetty/fifo1_sramb.design_config.tcl
/u/vinays/ECE581-2024/lab2-Vinaysshetty/syn/scripts/dc-get-timlibs.tcl
/u/vinays/ECE581-2024/lab2-Vinaysshetty/syn/scripts/add_ios.tcl
/u/vinays/ECE581-2024/lab2-Vinaysshetty/fifo1_sramb.add_ios.tcl
/u/vinays/ECE581-2024/lab2-Vinaysshetty/constraints/fifo1_sramb.sdc
/pkgs/synopsys/2020/32_28nm/SAED32_EDK/lib/stdcell_hvt/db_nldm/saed32hvt_ss0p95v125c.db
/u/vinays/ECE581-2024/lab2-Vinaysshetty/syn/work/alib-52/saed32hvt_ss0p95v125c.db.alib
/pkgs/synopsys/2020/32_28nm/SAED32_EDK/lib/stdcell_hvt/db_nldm/saed32hvt_ss0p95v125c.db
/u/vinays/ECE581-2024/lab2-Vinaysshetty/syn/work/alib-52/saed32hvt_ss0p95v125c.db.alib
/pkgs/synopsys/2020/32_28nm/SAED32_EDK/lib/io_std/db_nldm/saed32io_wb_ss0p95v125c_2p25v.db
/pkgs/synopsys/2020/32_28nm/SAED32_EDK/lib/sram_lp/db_nldm/saed32sramlp_ss0p75v125c_i0p75v.db
/pkgs/synopsys/2020/32_28nm/SAED32_EDK/lib/pll/db_nldm/saed32pll_ss0p95v125c_2p25v.db
/pkgs/synopsys/2020/32_28nm/SAED32_EDK/lib/stdcell_hvt/db_nldm/saed32hvt_ss0p95v125c.db
/u/vinays/ECE581-2024/lab2-Vinaysshetty/syn/outputs/fifo1_sramb.dc.upf
/u/vinays/ECE581-2024/lab2-Vinaysshetty/syn/scripts/dc.tcl
/u/vinays/ECE581-2024/lab2-Vinaysshetty/fifo1_sramb.design_config.tcl
/u/vinays/ECE581-2024/lab2-Vinaysshetty/syn/scripts/dc-get-timlibs.tcl
/u/vinays/ECE581-2024/lab2-Vinaysshetty/syn/scripts/add_ios.tcl
/u/vinays/ECE581-2024/lab2-Vinaysshetty/fifo1_sramb.add_ios.tcl
/u/vinays/ECE581-2024/lab2-Vinaysshetty/constraints/fifo1_sramb.sdc
/pkgs/synopsys/2020/32_28nm/SAED32_EDK/lib/stdcell_hvt/db_nldm/saed32hvt_ss0p95v125c.db
/u/vinays/ECE581-2024/lab2-Vinaysshetty/syn/work/alib-52/saed32hvt_ss0p95v125c.db.alib
/pkgs/synopsys/2020/32_28nm/SAED32_EDK/lib/stdcell_hvt/db_nldm/saed32hvt_ss0p95v125c.db
/u/vinays/ECE581-2024/lab2-Vinaysshetty/syn/work/alib-52/saed32hvt_ss0p95v125c.db.alib
/pkgs/synopsys/2020/32_28nm/SAED32_EDK/lib/io_std/db_nldm/saed32io_wb_ss0p95v125c_2p25v.db
/pkgs/synopsys/2020/32_28nm/SAED32_EDK/lib/sram_lp/db_nldm/saed32sramlp_ss0p75v125c_i0p75v.db
/pkgs/synopsys/2020/32_28nm/SAED32_EDK/lib/pll/db_nldm/saed32pll_ss0p95v125c_2p25v.db
/pkgs/synopsys/2020/32_28nm/SAED32_EDK/lib/stdcell_hvt/db_nldm/saed32hvt_ss0p95v125c.db
/u/vinays/ECE581-2024/lab2-Vinaysshetty/syn/outputs/fifo1_sramb.dc.upf
/u/vinays/ECE581-2024/lab2-Vinaysshetty/syn/scripts/dc.tcl
/u/vinays/ECE581-2024/lab2-Vinaysshetty/fifo1_sramb.design_config.tcl
/u/vinays/ECE581-2024/lab2-Vinaysshetty/syn/scripts/dc-get-timlibs.tcl
/u/vinays/ECE581-2024/lab2-Vinaysshetty/syn/scripts/add_ios.tcl
/u/vinays/ECE581-2024/lab2-Vinaysshetty/fifo1_sramb.add_ios.tcl
/u/vinays/ECE581-2024/lab2-Vinaysshetty/constraints/fifo1_sramb.sdc
/pkgs/synopsys/2020/32_28nm/SAED32_EDK/lib/stdcell_hvt/db_nldm/saed32hvt_ss0p95v125c.db
/u/vinays/ECE581-2024/lab2-Vinaysshetty/syn/work/alib-52/saed32hvt_ss0p95v125c.db.alib
/pkgs/synopsys/2020/32_28nm/SAED32_EDK/lib/stdcell_hvt/db_nldm/saed32hvt_ss0p95v125c.db
/u/vinays/ECE581-2024/lab2-Vinaysshetty/syn/work/alib-52/saed32hvt_ss0p95v125c.db.alib
/pkgs/synopsys/2020/32_28nm/SAED32_EDK/lib/io_std/db_nldm/saed32io_wb_ss0p95v125c_2p25v.db
/pkgs/synopsys/2020/32_28nm/SAED32_EDK/lib/sram_lp/db_nldm/saed32sramlp_ss0p75v125c_i0p75v.db
/pkgs/synopsys/2020/32_28nm/SAED32_EDK/lib/pll/db_nldm/saed32pll_ss0p95v125c_2p25v.db
/pkgs/synopsys/2020/32_28nm/SAED32_EDK/lib/stdcell_hvt/db_nldm/saed32hvt_ss0p95v125c.db
/u/vinays/ECE581-2024/lab2-Vinaysshetty/syn/outputs/fifo1_sramb.dc.upf
/u/vinays/ECE581-2024/lab2-Vinaysshetty/syn/scripts/dc.tcl
/u/vinays/ECE581-2024/lab2-Vinaysshetty/fifo1_sramb.design_config.tcl
/u/vinays/ECE581-2024/lab2-Vinaysshetty/syn/scripts/dc-get-timlibs.tcl
/u/vinays/ECE581-2024/lab2-Vinaysshetty/syn/scripts/add_ios.tcl
/u/vinays/ECE581-2024/lab2-Vinaysshetty/fifo1_sramb.add_ios.tcl
/u/vinays/ECE581-2024/lab2-Vinaysshetty/constraints/fifo1_sramb.sdc
/pkgs/synopsys/2020/32_28nm/SAED32_EDK/lib/stdcell_hvt/db_nldm/saed32hvt_ss0p95v125c.db
/u/vinays/ECE581-2024/lab2-Vinaysshetty/syn/work/alib-52/saed32hvt_ss0p95v125c.db.alib
/pkgs/synopsys/2020/32_28nm/SAED32_EDK/lib/stdcell_hvt/db_nldm/saed32hvt_ss0p95v125c.db
/u/vinays/ECE581-2024/lab2-Vinaysshetty/syn/work/alib-52/saed32hvt_ss0p95v125c.db.alib
/pkgs/synopsys/2020/32_28nm/SAED32_EDK/lib/io_std/db_nldm/saed32io_wb_ss0p95v125c_2p25v.db
/pkgs/synopsys/2020/32_28nm/SAED32_EDK/lib/sram_lp/db_nldm/saed32sramlp_ss0p75v125c_i0p75v.db
/pkgs/synopsys/2020/32_28nm/SAED32_EDK/lib/pll/db_nldm/saed32pll_ss0p95v125c_2p25v.db
/pkgs/synopsys/2020/32_28nm/SAED32_EDK/lib/stdcell_hvt/db_nldm/saed32hvt_ss0p95v125c.db
/u/vinays/ECE581-2024/lab2-Vinaysshetty/syn/outputs/fifo1_sramb.dc.upf
