Warning: Design 'fifo1_sram' has '1' unresolved references. For more detailed information, use the "link" command. (UID-341)
 
****************************************
Report : timing
        -path full
        -delay max
        -derate
        -input_pins
        -nets
        -slack_lesser_than 0.0000
        -max_paths 10000
        -transition_time
        -crosstalk_delta
        -capacitance
Design : fifo1_sram
Version: Q-2019.12-SP3
Date   : Mon Jan 22 01:25:07 2024
****************************************

Operating Conditions: ss0p95v125c   Library: saed32rvt_ss0p95v125c
Wire Load Model Mode: enclosed
No paths.

1
