 
****************************************
check_design summary:
Version:     Q-2019.12-SP3
Date:        Thu Jan 25 19:12:56 2024
****************************************

                   Name                                            Total
--------------------------------------------------------------------------------
Inputs/Outputs                                                      1
    Unconnected ports (LINT-28)                                     1

Cells                                                               1
    Connected to power or ground (LINT-32)                          1

Nets                                                               64
    Unloaded nets (LINT-2)                                         64
--------------------------------------------------------------------------------

Warning: In design 'fifo1_sram', net 'fifomem/SYNOPSYS_UNCONNECTED_64' driven by pin 'fifomem/genblk1_7__U/O1[7]' has no loads. (LINT-2)
Warning: In design 'fifo1_sram', net 'fifomem/SYNOPSYS_UNCONNECTED_63' driven by pin 'fifomem/genblk1_7__U/O1[6]' has no loads. (LINT-2)
Warning: In design 'fifo1_sram', net 'fifomem/SYNOPSYS_UNCONNECTED_62' driven by pin 'fifomem/genblk1_7__U/O1[5]' has no loads. (LINT-2)
Warning: In design 'fifo1_sram', net 'fifomem/SYNOPSYS_UNCONNECTED_61' driven by pin 'fifomem/genblk1_7__U/O1[4]' has no loads. (LINT-2)
Warning: In design 'fifo1_sram', net 'fifomem/SYNOPSYS_UNCONNECTED_60' driven by pin 'fifomem/genblk1_7__U/O1[3]' has no loads. (LINT-2)
Warning: In design 'fifo1_sram', net 'fifomem/SYNOPSYS_UNCONNECTED_59' driven by pin 'fifomem/genblk1_7__U/O1[2]' has no loads. (LINT-2)
Warning: In design 'fifo1_sram', net 'fifomem/SYNOPSYS_UNCONNECTED_58' driven by pin 'fifomem/genblk1_7__U/O1[1]' has no loads. (LINT-2)
Warning: In design 'fifo1_sram', net 'fifomem/SYNOPSYS_UNCONNECTED_57' driven by pin 'fifomem/genblk1_7__U/O1[0]' has no loads. (LINT-2)
Warning: In design 'fifo1_sram', net 'fifomem/SYNOPSYS_UNCONNECTED_56' driven by pin 'fifomem/genblk1_6__U/O1[7]' has no loads. (LINT-2)
Warning: In design 'fifo1_sram', net 'fifomem/SYNOPSYS_UNCONNECTED_55' driven by pin 'fifomem/genblk1_6__U/O1[6]' has no loads. (LINT-2)
Warning: In design 'fifo1_sram', net 'fifomem/SYNOPSYS_UNCONNECTED_54' driven by pin 'fifomem/genblk1_6__U/O1[5]' has no loads. (LINT-2)
Warning: In design 'fifo1_sram', net 'fifomem/SYNOPSYS_UNCONNECTED_53' driven by pin 'fifomem/genblk1_6__U/O1[4]' has no loads. (LINT-2)
Warning: In design 'fifo1_sram', net 'fifomem/SYNOPSYS_UNCONNECTED_52' driven by pin 'fifomem/genblk1_6__U/O1[3]' has no loads. (LINT-2)
Warning: In design 'fifo1_sram', net 'fifomem/SYNOPSYS_UNCONNECTED_51' driven by pin 'fifomem/genblk1_6__U/O1[2]' has no loads. (LINT-2)
Warning: In design 'fifo1_sram', net 'fifomem/SYNOPSYS_UNCONNECTED_50' driven by pin 'fifomem/genblk1_6__U/O1[1]' has no loads. (LINT-2)
Warning: In design 'fifo1_sram', net 'fifomem/SYNOPSYS_UNCONNECTED_49' driven by pin 'fifomem/genblk1_6__U/O1[0]' has no loads. (LINT-2)
Warning: In design 'fifo1_sram', net 'fifomem/SYNOPSYS_UNCONNECTED_48' driven by pin 'fifomem/genblk1_5__U/O1[7]' has no loads. (LINT-2)
Warning: In design 'fifo1_sram', net 'fifomem/SYNOPSYS_UNCONNECTED_47' driven by pin 'fifomem/genblk1_5__U/O1[6]' has no loads. (LINT-2)
Warning: In design 'fifo1_sram', net 'fifomem/SYNOPSYS_UNCONNECTED_46' driven by pin 'fifomem/genblk1_5__U/O1[5]' has no loads. (LINT-2)
Warning: In design 'fifo1_sram', net 'fifomem/SYNOPSYS_UNCONNECTED_45' driven by pin 'fifomem/genblk1_5__U/O1[4]' has no loads. (LINT-2)
Warning: In design 'fifo1_sram', net 'fifomem/SYNOPSYS_UNCONNECTED_44' driven by pin 'fifomem/genblk1_5__U/O1[3]' has no loads. (LINT-2)
Warning: In design 'fifo1_sram', net 'fifomem/SYNOPSYS_UNCONNECTED_43' driven by pin 'fifomem/genblk1_5__U/O1[2]' has no loads. (LINT-2)
Warning: In design 'fifo1_sram', net 'fifomem/SYNOPSYS_UNCONNECTED_42' driven by pin 'fifomem/genblk1_5__U/O1[1]' has no loads. (LINT-2)
Warning: In design 'fifo1_sram', net 'fifomem/SYNOPSYS_UNCONNECTED_41' driven by pin 'fifomem/genblk1_5__U/O1[0]' has no loads. (LINT-2)
Warning: In design 'fifo1_sram', net 'fifomem/SYNOPSYS_UNCONNECTED_40' driven by pin 'fifomem/genblk1_4__U/O1[7]' has no loads. (LINT-2)
Warning: In design 'fifo1_sram', net 'fifomem/SYNOPSYS_UNCONNECTED_39' driven by pin 'fifomem/genblk1_4__U/O1[6]' has no loads. (LINT-2)
Warning: In design 'fifo1_sram', net 'fifomem/SYNOPSYS_UNCONNECTED_38' driven by pin 'fifomem/genblk1_4__U/O1[5]' has no loads. (LINT-2)
Warning: In design 'fifo1_sram', net 'fifomem/SYNOPSYS_UNCONNECTED_37' driven by pin 'fifomem/genblk1_4__U/O1[4]' has no loads. (LINT-2)
Warning: In design 'fifo1_sram', net 'fifomem/SYNOPSYS_UNCONNECTED_36' driven by pin 'fifomem/genblk1_4__U/O1[3]' has no loads. (LINT-2)
Warning: In design 'fifo1_sram', net 'fifomem/SYNOPSYS_UNCONNECTED_35' driven by pin 'fifomem/genblk1_4__U/O1[2]' has no loads. (LINT-2)
Warning: In design 'fifo1_sram', net 'fifomem/SYNOPSYS_UNCONNECTED_34' driven by pin 'fifomem/genblk1_4__U/O1[1]' has no loads. (LINT-2)
Warning: In design 'fifo1_sram', net 'fifomem/SYNOPSYS_UNCONNECTED_33' driven by pin 'fifomem/genblk1_4__U/O1[0]' has no loads. (LINT-2)
Warning: In design 'fifo1_sram', net 'fifomem/SYNOPSYS_UNCONNECTED_32' driven by pin 'fifomem/genblk1_3__U/O1[7]' has no loads. (LINT-2)
Warning: In design 'fifo1_sram', net 'fifomem/SYNOPSYS_UNCONNECTED_31' driven by pin 'fifomem/genblk1_3__U/O1[6]' has no loads. (LINT-2)
Warning: In design 'fifo1_sram', net 'fifomem/SYNOPSYS_UNCONNECTED_30' driven by pin 'fifomem/genblk1_3__U/O1[5]' has no loads. (LINT-2)
Warning: In design 'fifo1_sram', net 'fifomem/SYNOPSYS_UNCONNECTED_29' driven by pin 'fifomem/genblk1_3__U/O1[4]' has no loads. (LINT-2)
Warning: In design 'fifo1_sram', net 'fifomem/SYNOPSYS_UNCONNECTED_28' driven by pin 'fifomem/genblk1_3__U/O1[3]' has no loads. (LINT-2)
Warning: In design 'fifo1_sram', net 'fifomem/SYNOPSYS_UNCONNECTED_27' driven by pin 'fifomem/genblk1_3__U/O1[2]' has no loads. (LINT-2)
Warning: In design 'fifo1_sram', net 'fifomem/SYNOPSYS_UNCONNECTED_26' driven by pin 'fifomem/genblk1_3__U/O1[1]' has no loads. (LINT-2)
Warning: In design 'fifo1_sram', net 'fifomem/SYNOPSYS_UNCONNECTED_25' driven by pin 'fifomem/genblk1_3__U/O1[0]' has no loads. (LINT-2)
Warning: In design 'fifo1_sram', net 'fifomem/SYNOPSYS_UNCONNECTED_24' driven by pin 'fifomem/genblk1_2__U/O1[7]' has no loads. (LINT-2)
Warning: In design 'fifo1_sram', net 'fifomem/SYNOPSYS_UNCONNECTED_23' driven by pin 'fifomem/genblk1_2__U/O1[6]' has no loads. (LINT-2)
Warning: In design 'fifo1_sram', net 'fifomem/SYNOPSYS_UNCONNECTED_22' driven by pin 'fifomem/genblk1_2__U/O1[5]' has no loads. (LINT-2)
Warning: In design 'fifo1_sram', net 'fifomem/SYNOPSYS_UNCONNECTED_21' driven by pin 'fifomem/genblk1_2__U/O1[4]' has no loads. (LINT-2)
Warning: In design 'fifo1_sram', net 'fifomem/SYNOPSYS_UNCONNECTED_20' driven by pin 'fifomem/genblk1_2__U/O1[3]' has no loads. (LINT-2)
Warning: In design 'fifo1_sram', net 'fifomem/SYNOPSYS_UNCONNECTED_19' driven by pin 'fifomem/genblk1_2__U/O1[2]' has no loads. (LINT-2)
Warning: In design 'fifo1_sram', net 'fifomem/SYNOPSYS_UNCONNECTED_18' driven by pin 'fifomem/genblk1_2__U/O1[1]' has no loads. (LINT-2)
Warning: In design 'fifo1_sram', net 'fifomem/SYNOPSYS_UNCONNECTED_17' driven by pin 'fifomem/genblk1_2__U/O1[0]' has no loads. (LINT-2)
Warning: In design 'fifo1_sram', net 'fifomem/SYNOPSYS_UNCONNECTED_16' driven by pin 'fifomem/genblk1_1__U/O1[7]' has no loads. (LINT-2)
Warning: In design 'fifo1_sram', net 'fifomem/SYNOPSYS_UNCONNECTED_15' driven by pin 'fifomem/genblk1_1__U/O1[6]' has no loads. (LINT-2)
Warning: In design 'fifo1_sram', net 'fifomem/SYNOPSYS_UNCONNECTED_14' driven by pin 'fifomem/genblk1_1__U/O1[5]' has no loads. (LINT-2)
Warning: In design 'fifo1_sram', net 'fifomem/SYNOPSYS_UNCONNECTED_13' driven by pin 'fifomem/genblk1_1__U/O1[4]' has no loads. (LINT-2)
Warning: In design 'fifo1_sram', net 'fifomem/SYNOPSYS_UNCONNECTED_12' driven by pin 'fifomem/genblk1_1__U/O1[3]' has no loads. (LINT-2)
Warning: In design 'fifo1_sram', net 'fifomem/SYNOPSYS_UNCONNECTED_11' driven by pin 'fifomem/genblk1_1__U/O1[2]' has no loads. (LINT-2)
Warning: In design 'fifo1_sram', net 'fifomem/SYNOPSYS_UNCONNECTED_10' driven by pin 'fifomem/genblk1_1__U/O1[1]' has no loads. (LINT-2)
Warning: In design 'fifo1_sram', net 'fifomem/SYNOPSYS_UNCONNECTED_9' driven by pin 'fifomem/genblk1_1__U/O1[0]' has no loads. (LINT-2)
Warning: In design 'fifo1_sram', net 'fifomem/SYNOPSYS_UNCONNECTED_8' driven by pin 'fifomem/genblk1_0__U/O1[7]' has no loads. (LINT-2)
Warning: In design 'fifo1_sram', net 'fifomem/SYNOPSYS_UNCONNECTED_7' driven by pin 'fifomem/genblk1_0__U/O1[6]' has no loads. (LINT-2)
Warning: In design 'fifo1_sram', net 'fifomem/SYNOPSYS_UNCONNECTED_6' driven by pin 'fifomem/genblk1_0__U/O1[5]' has no loads. (LINT-2)
Warning: In design 'fifo1_sram', net 'fifomem/SYNOPSYS_UNCONNECTED_5' driven by pin 'fifomem/genblk1_0__U/O1[4]' has no loads. (LINT-2)
Warning: In design 'fifo1_sram', net 'fifomem/SYNOPSYS_UNCONNECTED_4' driven by pin 'fifomem/genblk1_0__U/O1[3]' has no loads. (LINT-2)
Warning: In design 'fifo1_sram', net 'fifomem/SYNOPSYS_UNCONNECTED_3' driven by pin 'fifomem/genblk1_0__U/O1[2]' has no loads. (LINT-2)
Warning: In design 'fifo1_sram', net 'fifomem/SYNOPSYS_UNCONNECTED_2' driven by pin 'fifomem/genblk1_0__U/O1[1]' has no loads. (LINT-2)
Warning: In design 'fifo1_sram', net 'fifomem/SYNOPSYS_UNCONNECTED_1' driven by pin 'fifomem/genblk1_0__U/O1[0]' has no loads. (LINT-2)
Warning: In design 'fifomem_DATASIZE8_ADDRSIZE10', port 'wfull' is not connected to any nets. (LINT-28)
Warning: In design 'fifo1_sram', a pin on submodule 'fifomem' is connected to logic 1 or logic 0. (LINT-32)
   Pin 'wfull' is connected to logic 0. 
1
