============================================================
  Generated by:           Genus(TM) Synthesis Solution 19.12-s121_1
  Generated on:           Jan 25 2024  07:00:36 pm
  Module:                 fifo1_sramb
  Operating conditions:   _nominal_ (balanced_tree)
  Wireload mode:          enclosed
  Area mode:              timing library
============================================================

Timing
--------

 Clock Period 
--------------
rclk   1255.0 
wclk   1380.0 
wclk2x  690.0 


  Cost    Critical            Violating 
 Group   Path Slack    TNS      Paths   
----------------------------------------
default    No paths      0.0            
INPUTS         -2.4     -2.4          1 
OUTPUTS      -150.7   -422.5         10 
rclk            0.1      0.0          0 
wclk           11.3      0.0          0 
wclk2x     No paths      0.0            
----------------------------------------
Total                 -424.9         11 

Instance Count
--------------
Leaf Instance Count             469 
Physical Instance count           0 
Sequential Instance Count       104 
Combinational Instance Count    365 
Hierarchical Instance Count       5 

Area
----
Cell Area                          511329.772
Physical Cell Area                 0.000
Total Cell Area (Cell+Physical)    511329.772
Net Area                           0.000
Total Area (Cell+Physical+Net)     511329.772

Max Fanout                         72 (fifomem/n_27)
Min Fanout                         0 (io_b_wrst_n_net)
Average Fanout                     2.7
Terms to net ratio                 4.2403
Terms to instance ratio            4.4392
Runtime                            230.011494 seconds
Elapsed Runtime                    406 seconds
Genus peak memory usage            1420.20 
Innovus peak memory usage          no_value 
Hostname                           mo.ece.pdx.edu
